# JRE version: Java(TM) SE Runtime Environment (8.0_201-b09) (build 1.8.0_201-b09)
# Java VM: Java HotSpot(TM) 64-Bit Server VM (25.201-b09 mixed mode windows-amd64 compressed oops)
Heap:
 PSYoungGen      total 54784K, used 35340K [0x00000000eb380000, 0x00000000ef080000, 0x0000000100000000)
  eden space 49152K, 63% used [0x00000000eb380000,0x00000000ed210540,0x00000000ee380000)
  from space 5632K, 71% used [0x00000000eeb00000,0x00000000eeef2da0,0x00000000ef080000)
  to   space 6656K, 0% used [0x00000000ee380000,0x00000000ee380000,0x00000000eea00000)
 ParOldGen       total 28672K, used 7120K [0x00000000c1a00000, 0x00000000c3600000, 0x00000000eb380000)
  object space 28672K, 24% used [0x00000000c1a00000,0x00000000c20f43d8,0x00000000c3600000)
 Metaspace       used 25374K, capacity 26232K, committed 26496K, reserved 1073152K
  class space    used 3446K, capacity 3668K, committed 3712K, reserved 1048576K
GC Heap History (10 events):
Event: 14.039 GC heap before
{Heap before GC invocations=7 (full 0):
 PSYoungGen      total 35328K, used 8188K [0x00000000eb380000, 0x00000000ed880000, 0x0000000100000000)
  eden space 32768K, 17% used [0x00000000eb380000,0x00000000eb8ff140,0x00000000ed380000)
  from space 2560K, 100% used [0x00000000ed600000,0x00000000ed880000,0x00000000ed880000)
  to   space 2560K, 0% used [0x00000000ed380000,0x00000000ed380000,0x00000000ed600000)
 ParOldGen       total 44032K, used 10854K [0x00000000c1a00000, 0x00000000c4500000, 0x00000000eb380000)
  object space 44032K, 24% used [0x00000000c1a00000,0x00000000c2499970,0x00000000c4500000)
 Metaspace       used 20712K, capacity 21222K, committed 21296K, reserved 1067008K
  class space    used 2749K, capacity 2895K, committed 2944K, reserved 1048576K
Event: 14.047 GC heap after
Heap after GC invocations=7 (full 0):
 PSYoungGen      total 35328K, used 1992K [0x00000000eb380000, 0x00000000ed880000, 0x0000000100000000)
  eden space 32768K, 0% used [0x00000000eb380000,0x00000000eb380000,0x00000000ed380000)
  from space 2560K, 77% used [0x00000000ed380000,0x00000000ed572388,0x00000000ed600000)
  to   space 2560K, 0% used [0x00000000ed600000,0x00000000ed600000,0x00000000ed880000)
 ParOldGen       total 44032K, used 11953K [0x00000000c1a00000, 0x00000000c4500000, 0x00000000eb380000)
  object space 44032K, 27% used [0x00000000c1a00000,0x00000000c25ac760,0x00000000c4500000)
 Metaspace       used 20712K, capacity 21222K, committed 21296K, reserved 1067008K
  class space    used 2749K, capacity 2895K, committed 2944K, reserved 1048576K
}
Event: 14.047 GC heap before
{Heap before GC invocations=8 (full 1):
 PSYoungGen      total 35328K, used 1992K [0x00000000eb380000, 0x00000000ed880000, 0x0000000100000000)
  eden space 32768K, 0% used [0x00000000eb380000,0x00000000eb380000,0x00000000ed380000)
  from space 2560K, 77% used [0x00000000ed380000,0x00000000ed572388,0x00000000ed600000)
  to   space 2560K, 0% used [0x00000000ed600000,0x00000000ed600000,0x00000000ed880000)
 ParOldGen       total 44032K, used 11953K [0x00000000c1a00000, 0x00000000c4500000, 0x00000000eb380000)
  object space 44032K, 27% used [0x00000000c1a00000,0x00000000c25ac760,0x00000000c4500000)
 Metaspace       used 20712K, capacity 21222K, committed 21296K, reserved 1067008K
  class space    used 2749K, capacity 2895K, committed 2944K, reserved 1048576K
Event: 14.132 GC heap after
Heap after GC invocations=8 (full 1):
 PSYoungGen      total 35328K, used 0K [0x00000000eb380000, 0x00000000ed880000, 0x0000000100000000)
  eden space 32768K, 0% used [0x00000000eb380000,0x00000000eb380000,0x00000000ed380000)
  from space 2560K, 0% used [0x00000000ed380000,0x00000000ed380000,0x00000000ed600000)
  to   space 2560K, 0% used [0x00000000ed600000,0x00000000ed600000,0x00000000ed880000)
 ParOldGen       total 28672K, used 5521K [0x00000000c1a00000, 0x00000000c3600000, 0x00000000eb380000)
  object space 28672K, 19% used [0x00000000c1a00000,0x00000000c1f64608,0x00000000c3600000)
 Metaspace       used 20712K, capacity 21222K, committed 21296K, reserved 1067008K
  class space    used 2749K, capacity 2895K, committed 2944K, reserved 1048576K
}
Event: 14.764 GC heap before
{Heap before GC invocations=9 (full 1):
 PSYoungGen      total 35328K, used 32753K [0x00000000eb380000, 0x00000000ed880000, 0x0000000100000000)
  eden space 32768K, 99% used [0x00000000eb380000,0x00000000ed37c638,0x00000000ed380000)
  from space 2560K, 0% used [0x00000000ed380000,0x00000000ed380000,0x00000000ed600000)
  to   space 2560K, 0% used [0x00000000ed600000,0x00000000ed600000,0x00000000ed880000)
 ParOldGen       total 28672K, used 5521K [0x00000000c1a00000, 0x00000000c3600000, 0x00000000eb380000)
  object space 28672K, 19% used [0x00000000c1a00000,0x00000000c1f64608,0x00000000c3600000)
 Metaspace       used 21662K, capacity 22316K, committed 22656K, reserved 1069056K
  class space    used 2892K, capacity 3100K, committed 3200K, reserved 1048576K
Event: 14.772 GC heap after
Heap after GC invocations=9 (full 1):
 PSYoungGen      total 35328K, used 2552K [0x00000000eb380000, 0x00000000ed880000, 0x0000000100000000)
  eden space 32768K, 0% used [0x00000000eb380000,0x00000000eb380000,0x00000000ed380000)
  from space 2560K, 99% used [0x00000000ed600000,0x00000000ed87e240,0x00000000ed880000)
  to   space 2560K, 0% used [0x00000000ed380000,0x00000000ed380000,0x00000000ed600000)
 ParOldGen       total 28672K, used 5631K [0x00000000c1a00000, 0x00000000c3600000, 0x00000000eb380000)
  object space 28672K, 19% used [0x00000000c1a00000,0x00000000c1f7fe50,0x00000000c3600000)
 Metaspace       used 21662K, capacity 22316K, committed 22656K, reserved 1069056K
  class space    used 2892K, capacity 3100K, committed 3200K, reserved 1048576K
}
Event: 15.010 GC heap before
{Heap before GC invocations=10 (full 1):
 PSYoungGen      total 35328K, used 35320K [0x00000000eb380000, 0x00000000ed880000, 0x0000000100000000)
  eden space 32768K, 100% used [0x00000000eb380000,0x00000000ed380000,0x00000000ed380000)
  from space 2560K, 99% used [0x00000000ed600000,0x00000000ed87e240,0x00000000ed880000)
  to   space 2560K, 0% used [0x00000000ed380000,0x00000000ed380000,0x00000000ed600000)
 ParOldGen       total 28672K, used 5631K [0x00000000c1a00000, 0x00000000c3600000, 0x00000000eb380000)
  object space 28672K, 19% used [0x00000000c1a00000,0x00000000c1f7fe50,0x00000000c3600000)
 Metaspace       used 21772K, capacity 22450K, committed 22656K, reserved 1069056K
  class space    used 2908K, capacity 3101K, committed 3200K, reserved 1048576K
Event: 15.016 GC heap after
Heap after GC invocations=10 (full 1):
 PSYoungGen      total 35328K, used 2288K [0x00000000eb380000, 0x00000000ef200000, 0x0000000100000000)
  eden space 32768K, 0% used [0x00000000eb380000,0x00000000eb380000,0x00000000ed380000)
  from space 2560K, 89% used [0x00000000ed380000,0x00000000ed5bc338,0x00000000ed600000)
  to   space 7168K, 0% used [0x00000000eeb00000,0x00000000eeb00000,0x00000000ef200000)
 ParOldGen       total 28672K, used 5703K [0x00000000c1a00000, 0x00000000c3600000, 0x00000000eb380000)
  object space 28672K, 19% used [0x00000000c1a00000,0x00000000c1f91e60,0x00000000c3600000)
 Metaspace       used 21772K, capacity 22450K, committed 22656K, reserved 1069056K
  class space    used 2908K, capacity 3101K, committed 3200K, reserved 1048576K
}
Event: 15.858 GC heap before
{Heap before GC invocations=11 (full 1):
 PSYoungGen      total 35328K, used 35056K [0x00000000eb380000, 0x00000000ef200000, 0x0000000100000000)
  eden space 32768K, 100% used [0x00000000eb380000,0x00000000ed380000,0x00000000ed380000)
  from space 2560K, 89% used [0x00000000ed380000,0x00000000ed5bc338,0x00000000ed600000)
  to   space 7168K, 0% used [0x00000000eeb00000,0x00000000eeb00000,0x00000000ef200000)
 ParOldGen       total 28672K, used 5703K [0x00000000c1a00000, 0x00000000c3600000, 0x00000000eb380000)
  object space 28672K, 19% used [0x00000000c1a00000,0x00000000c1f91e60,0x00000000c3600000)
 Metaspace       used 23605K, capacity 24382K, committed 24448K, reserved 1071104K
  class space    used 3197K, capacity 3417K, committed 3456K, reserved 1048576K
Event: 15.868 GC heap after
Heap after GC invocations=11 (full 1):
 PSYoungGen      total 54784K, used 4043K [0x00000000eb380000, 0x00000000ef080000, 0x0000000100000000)
  eden space 49152K, 0% used [0x00000000eb380000,0x00000000eb380000,0x00000000ee380000)
  from space 5632K, 71% used [0x00000000eeb00000,0x00000000eeef2da0,0x00000000ef080000)
  to   space 6656K, 0% used [0x00000000ee380000,0x00000000ee380000,0x00000000eea00000)
 ParOldGen       total 28672K, used 7120K [0x00000000c1a00000, 0x00000000c3600000, 0x00000000eb380000)
  object space 28672K, 24% used [0x00000000c1a00000,0x00000000c20f43d8,0x00000000c3600000)
 Metaspace       used 23605K, capacity 24382K, committed 24448K, reserved 1071104K
  class space    used 3197K, capacity 3417K, committed 3456K, reserved 1048576K
}

